This is pdfTeX, Version 3.14159265-2.6-1.40.21 (MiKTeX 20.6.29) (preloaded format=pdflatex 2020.10.11)  23 DEC 2021 21:04
entering extended mode
**./gasper_lotric_08.tex
(gasper_lotric_08.tex
LaTeX2e <2020-02-02> patch level 5
L3 programming layer <2020-06-18>
("C:\Program Files\MiKTeX\tex/latex/base\article.cls"
Document Class: article 2019/12/20 v1.4l Standard LaTeX document class
("C:\Program Files\MiKTeX\tex/latex/base\size12.clo"
File: size12.clo 2019/12/20 v1.4l Standard LaTeX file (size option)
)
\c@part=\count167
\c@section=\count168
\c@subsection=\count169
\c@subsubsection=\count170
\c@paragraph=\count171
\c@subparagraph=\count172
\c@figure=\count173
\c@table=\count174
\abovecaptionskip=\skip47
\belowcaptionskip=\skip48
\bibindent=\dimen134
)
("C:\Program Files\MiKTeX\tex/generic/babel\babel.sty"
Package: babel 2020/06/10 3.45 The Babel package

("C:\Program Files\MiKTeX\tex/generic/babel\babel.def"
File: babel.def 2020/06/10 3.45 Babel common definitions
\babel@savecnt=\count175
\U@D=\dimen135
\l@babelnohyphens=\language79

("C:\Program Files\MiKTeX\tex/generic/babel\txtbabel.def")
\bbl@readstream=\read2
)
\bbl@dirlevel=\count176

*************************************
* Local config file bblopts.cfg used
*
("C:\Program Files\MiKTeX\tex/latex/arabi\bblopts.cfg"
File: bblopts.cfg 2005/09/08 v0.1 add Arabic and Farsi to "declared" options of
 babel
)
("C:\Program Files\MiKTeX\tex/latex/babel-slovenian\slovene.ldf"
Language: slovene 2005/03/31 v1.2m Slovene support from the babel system
Package babel Info: Making " an active character on input line 79.
))
("C:\Program Files\MiKTeX\tex/latex/base\inputenc.sty"
Package: inputenc 2018/08/11 v1.3c Input encoding file
\inpenc@prehook=\toks15
\inpenc@posthook=\toks16
)
("C:\Program Files\MiKTeX\tex/latex/lm\lmodern.sty"
Package: lmodern 2009/10/30 v1.6 Latin Modern Fonts
LaTeX Font Info:    Overwriting symbol font `operators' in version `normal'
(Font)                  OT1/cmr/m/n --> OT1/lmr/m/n on input line 22.
LaTeX Font Info:    Overwriting symbol font `letters' in version `normal'
(Font)                  OML/cmm/m/it --> OML/lmm/m/it on input line 23.
LaTeX Font Info:    Overwriting symbol font `symbols' in version `normal'
(Font)                  OMS/cmsy/m/n --> OMS/lmsy/m/n on input line 24.
LaTeX Font Info:    Overwriting symbol font `largesymbols' in version `normal'
(Font)                  OMX/cmex/m/n --> OMX/lmex/m/n on input line 25.
LaTeX Font Info:    Overwriting symbol font `operators' in version `bold'
(Font)                  OT1/cmr/bx/n --> OT1/lmr/bx/n on input line 26.
LaTeX Font Info:    Overwriting symbol font `letters' in version `bold'
(Font)                  OML/cmm/b/it --> OML/lmm/b/it on input line 27.
LaTeX Font Info:    Overwriting symbol font `symbols' in version `bold'
(Font)                  OMS/cmsy/b/n --> OMS/lmsy/b/n on input line 28.
LaTeX Font Info:    Overwriting symbol font `largesymbols' in version `bold'
(Font)                  OMX/cmex/m/n --> OMX/lmex/m/n on input line 29.
LaTeX Font Info:    Overwriting math alphabet `\mathbf' in version `normal'
(Font)                  OT1/cmr/bx/n --> OT1/lmr/bx/n on input line 31.
LaTeX Font Info:    Overwriting math alphabet `\mathsf' in version `normal'
(Font)                  OT1/cmss/m/n --> OT1/lmss/m/n on input line 32.
LaTeX Font Info:    Overwriting math alphabet `\mathit' in version `normal'
(Font)                  OT1/cmr/m/it --> OT1/lmr/m/it on input line 33.
LaTeX Font Info:    Overwriting math alphabet `\mathtt' in version `normal'
(Font)                  OT1/cmtt/m/n --> OT1/lmtt/m/n on input line 34.
LaTeX Font Info:    Overwriting math alphabet `\mathbf' in version `bold'
(Font)                  OT1/cmr/bx/n --> OT1/lmr/bx/n on input line 35.
LaTeX Font Info:    Overwriting math alphabet `\mathsf' in version `bold'
(Font)                  OT1/cmss/bx/n --> OT1/lmss/bx/n on input line 36.
LaTeX Font Info:    Overwriting math alphabet `\mathit' in version `bold'
(Font)                  OT1/cmr/bx/it --> OT1/lmr/bx/it on input line 37.
LaTeX Font Info:    Overwriting math alphabet `\mathtt' in version `bold'
(Font)                  OT1/cmtt/m/n --> OT1/lmtt/m/n on input line 38.
)
("C:\Program Files\MiKTeX\tex/latex/base\fontenc.sty"
Package: fontenc 2020/02/11 v2.0o Standard LaTeX package
LaTeX Font Info:    Trying to load font information for T1+lmr on input line 11
2.

("C:\Program Files\MiKTeX\tex/latex/lm\t1lmr.fd"
File: t1lmr.fd 2009/10/30 v1.6 Font defs for Latin Modern
))
("C:\Program Files\MiKTeX\tex/latex/graphics\graphicx.sty"
Package: graphicx 2019/11/30 v1.2a Enhanced LaTeX Graphics (DPC,SPQR)

("C:\Program Files\MiKTeX\tex/latex/graphics\keyval.sty"
Package: keyval 2014/10/28 v1.15 key=value parser (DPC)
\KV@toks@=\toks17
)
("C:\Program Files\MiKTeX\tex/latex/graphics\graphics.sty"
Package: graphics 2019/11/30 v1.4a Standard LaTeX Graphics (DPC,SPQR)

("C:\Program Files\MiKTeX\tex/latex/graphics\trig.sty"
Package: trig 2016/01/03 v1.10 sin cos tan (DPC)
)
("C:\Program Files\MiKTeX\tex/latex/graphics-cfg\graphics.cfg"
File: graphics.cfg 2016/06/04 v1.11 sample graphics configuration
)
Package graphics Info: Driver file: pdftex.def on input line 105.

("C:\Program Files\MiKTeX\tex/latex/graphics-def\pdftex.def"
File: pdftex.def 2018/01/08 v1.0l Graphics/color driver for pdftex
))
\Gin@req@height=\dimen136
\Gin@req@width=\dimen137
)
("C:\Program Files\MiKTeX\tex/latex/caption\caption.sty"
Package: caption 2020/09/12 v3.5b Customizing captions (AR)

("C:\Program Files\MiKTeX\tex/latex/caption\caption3.sty"
Package: caption3 2020/09/17 v2.1b caption3 kernel (AR)
\captionmargin=\dimen138
\captionmargin@=\dimen139
\captionwidth=\dimen140
\caption@tempdima=\dimen141
\caption@indent=\dimen142
\caption@parindent=\dimen143
\caption@hangindent=\dimen144
Package caption Info: Standard document class detected.
)
\c@caption@flags=\count177
\c@continuedfloat=\count178
)
("C:\Program Files\MiKTeX\tex/latex/preprint\fullpage.sty"
Package: fullpage 1999/02/23 1.1 (PWD)
\FP@margin=\skip49
)
("C:\Program Files\MiKTeX\tex/latex/enumitem\enumitem.sty"
Package: enumitem 2019/06/20 v3.9 Customized lists
\labelindent=\skip50
\enit@outerparindent=\dimen145
\enit@toks=\toks18
\enit@inbox=\box45
\enit@count@id=\count179
\enitdp@description=\count180
)
("C:\Program Files\MiKTeX\tex/latex/tools\array.sty"
Package: array 2019/08/31 v2.4l Tabular extension package (FMi)
\col@sep=\dimen146
\ar@mcellbox=\box46
\extrarowheight=\dimen147
\NC@list=\toks19
\extratabsurround=\skip51
\backup@length=\skip52
\ar@cellbox=\box47
)
("C:\Program Files\MiKTeX\tex/latex/wrapfig\wrapfig.sty"
\wrapoverhang=\dimen148
\WF@size=\dimen149
\c@WF@wrappedlines=\count181
\WF@box=\box48
\WF@everypar=\toks20
Package: wrapfig 2003/01/31  v 3.6
)
("C:\Program Files\MiKTeX\tex/latex/multirow\multirow.sty"
Package: multirow 2019/05/31 v2.5 Span multiple rows of a table
\multirow@colwidth=\skip53
\multirow@cntb=\count182
\multirow@dima=\skip54
\bigstrutjot=\dimen150
)
("C:\Program Files\MiKTeX\tex/latex/tools\tabularx.sty"
Package: tabularx 2020/01/15 v2.11c `tabularx' package (DPC)
\TX@col@width=\dimen151
\TX@old@table=\dimen152
\TX@old@col=\dimen153
\TX@target=\dimen154
\TX@delta=\dimen155
\TX@cols=\count183
\TX@ftn=\toks21
)
("C:\Program Files\MiKTeX\tex/latex/amsmath\amsmath.sty"
Package: amsmath 2020/01/20 v2.17e AMS math features
\@mathmargin=\skip55

For additional information on amsmath, use the `?' option.
("C:\Program Files\MiKTeX\tex/latex/amsmath\amstext.sty"
Package: amstext 2000/06/29 v2.01 AMS text

("C:\Program Files\MiKTeX\tex/latex/amsmath\amsgen.sty"
File: amsgen.sty 1999/11/30 v2.0 generic functions
\@emptytoks=\toks22
\ex@=\dimen156
))
("C:\Program Files\MiKTeX\tex/latex/amsmath\amsbsy.sty"
Package: amsbsy 1999/11/29 v1.2d Bold Symbols
\pmbraise@=\dimen157
)
("C:\Program Files\MiKTeX\tex/latex/amsmath\amsopn.sty"
Package: amsopn 2016/03/08 v2.02 operator names
)
\inf@bad=\count184
LaTeX Info: Redefining \frac on input line 227.
\uproot@=\count185
\leftroot@=\count186
LaTeX Info: Redefining \overline on input line 389.
\classnum@=\count187
\DOTSCASE@=\count188
LaTeX Info: Redefining \ldots on input line 486.
LaTeX Info: Redefining \dots on input line 489.
LaTeX Info: Redefining \cdots on input line 610.
\Mathstrutbox@=\box49
\strutbox@=\box50
\big@size=\dimen158
LaTeX Font Info:    Redeclaring font encoding OML on input line 733.
LaTeX Font Info:    Redeclaring font encoding OMS on input line 734.
\macc@depth=\count189
\c@MaxMatrixCols=\count190
\dotsspace@=\muskip16
\c@parentequation=\count191
\dspbrk@lvl=\count192
\tag@help=\toks23
\row@=\count193
\column@=\count194
\maxfields@=\count195
\andhelp@=\toks24
\eqnshift@=\dimen159
\alignsep@=\dimen160
\tagshift@=\dimen161
\tagwidth@=\dimen162
\totwidth@=\dimen163
\lineht@=\dimen164
\@envbody=\toks25
\multlinegap=\skip56
\multlinetaggap=\skip57
\mathdisplay@stack=\toks26
LaTeX Info: Redefining \[ on input line 2859.
LaTeX Info: Redefining \] on input line 2860.
)
("C:\Program Files\MiKTeX\tex/latex/amsfonts\amssymb.sty"
Package: amssymb 2013/01/14 v3.01 AMS font symbols

("C:\Program Files\MiKTeX\tex/latex/amsfonts\amsfonts.sty"
Package: amsfonts 2013/01/14 v3.01 Basic AMSFonts support
\symAMSa=\mathgroup4
\symAMSb=\mathgroup5
LaTeX Font Info:    Redeclaring math symbol \hbar on input line 98.
LaTeX Font Info:    Overwriting math alphabet `\mathfrak' in version `bold'
(Font)                  U/euf/m/n --> U/euf/b/n on input line 106.
))
("C:\Program Files\MiKTeX\tex/latex/caption\subcaption.sty"
Package: subcaption 2020/08/23 v1.3g Sub-captions (AR)
\c@subfigure=\count196
\c@subtable=\count197
)
("C:\Program Files\MiKTeX\tex/latex/float\float.sty"
Package: float 2001/11/08 v1.3d Float enhancements (AL)
\c@float@type=\count198
\float@exts=\toks27
\float@box=\box51
\@float@everytoks=\toks28
\@floatcapt=\box52
)
("C:\Program Files\MiKTeX\tex/latex/jknappen\mathrsfs.sty"
Package: mathrsfs 1996/01/01 Math RSFS package v1.0 (jk)
\symrsfs=\mathgroup6
)
("C:\Program Files\MiKTeX\tex/latex/fancyvrb\fancyvrb.sty"
Package: fancyvrb 2021/11/24~ 4.1a~verbatim text (tvz,hv)
\FV@CodeLineNo=\count199
\FV@InFile=\read3
\FV@TabBox=\box53
\c@FancyVerbLine=\count266
\FV@StepNumber=\count267
\FV@OutFile=\write3
)
("C:\Program Files\MiKTeX\tex/latex/l3backend\l3backend-pdfmode.def"
File: l3backend-pdfmode.def 2020-06-29 L3 backend support: PDF mode
\l__kernel_color_stack_int=\count268
\l__pdf_internal_box=\box54
)
(gasper_lotric_08.aux)
\openout1 = `gasper_lotric_08.aux'.

LaTeX Font Info:    Checking defaults for OML/cmm/m/it on input line 73.
LaTeX Font Info:    ... okay on input line 73.
LaTeX Font Info:    Checking defaults for OMS/cmsy/m/n on input line 73.
LaTeX Font Info:    ... okay on input line 73.
LaTeX Font Info:    Checking defaults for OT1/cmr/m/n on input line 73.
LaTeX Font Info:    ... okay on input line 73.
LaTeX Font Info:    Checking defaults for T1/cmr/m/n on input line 73.
LaTeX Font Info:    ... okay on input line 73.
LaTeX Font Info:    Checking defaults for TS1/cmr/m/n on input line 73.
LaTeX Font Info:    ... okay on input line 73.
LaTeX Font Info:    Checking defaults for OMX/cmex/m/n on input line 73.
LaTeX Font Info:    ... okay on input line 73.
LaTeX Font Info:    Checking defaults for U/cmr/m/n on input line 73.
LaTeX Font Info:    ... okay on input line 73.

("C:\Program Files\MiKTeX\tex/context/base/mkii\supp-pdf.mkii"
[Loading MPS to PDF converter (version 2006.09.02).]
\scratchcounter=\count269
\scratchdimen=\dimen165
\scratchbox=\box55
\nofMPsegments=\count270
\nofMParguments=\count271
\everyMPshowfont=\toks29
\MPscratchCnt=\count272
\MPscratchDim=\dimen166
\MPnumerator=\count273
\makeMPintoPDFobject=\count274
\everyMPtoPDFconversion=\toks30
) ("C:\Program Files\MiKTeX\tex/latex/epstopdf-pkg\epstopdf-base.sty"
Package: epstopdf-base 2020-01-24 v2.11 Base part for package epstopdf
Package epstopdf-base Info: Redefining graphics rule for `.eps' on input line 4
85.
)
Package caption Info: Begin \AtBeginDocument code.
Package caption Info: float package is loaded.
Package caption Info: wrapfig package is loaded.
Package caption Info: End \AtBeginDocument code.
LaTeX Font Info:    Trying to load font information for OT1+lmr on input line 8
0.

("C:\Program Files\MiKTeX\tex/latex/lm\ot1lmr.fd"
File: ot1lmr.fd 2009/10/30 v1.6 Font defs for Latin Modern
)
LaTeX Font Info:    Trying to load font information for OML+lmm on input line 8
0.

("C:\Program Files\MiKTeX\tex/latex/lm\omllmm.fd"
File: omllmm.fd 2009/10/30 v1.6 Font defs for Latin Modern
)
LaTeX Font Info:    Trying to load font information for OMS+lmsy on input line 
80.

("C:\Program Files\MiKTeX\tex/latex/lm\omslmsy.fd"
File: omslmsy.fd 2009/10/30 v1.6 Font defs for Latin Modern
)
LaTeX Font Info:    Trying to load font information for OMX+lmex on input line 
80.

("C:\Program Files\MiKTeX\tex/latex/lm\omxlmex.fd"
File: omxlmex.fd 2009/10/30 v1.6 Font defs for Latin Modern
)
LaTeX Font Info:    External font `lmex10' loaded for size
(Font)              <14.4> on input line 80.
LaTeX Font Info:    External font `lmex10' loaded for size
(Font)              <10> on input line 80.
LaTeX Font Info:    External font `lmex10' loaded for size
(Font)              <7> on input line 80.
LaTeX Font Info:    Trying to load font information for U+msa on input line 80.


("C:\Program Files\MiKTeX\tex/latex/amsfonts\umsa.fd"
File: umsa.fd 2013/01/14 v3.01 AMS symbols A
)
LaTeX Font Info:    Trying to load font information for U+msb on input line 80.


("C:\Program Files\MiKTeX\tex/latex/amsfonts\umsb.fd"
File: umsb.fd 2013/01/14 v3.01 AMS symbols B
)
LaTeX Font Info:    Trying to load font information for U+rsfs on input line 80
.

("C:\Program Files\MiKTeX\tex/latex/jknappen\ursfs.fd"
File: ursfs.fd 1998/03/24 rsfs font definition file (jk)
) [1

{C:/Users/lotri/AppData/Local/MiKTeX/pdftex/config/pdftex.map}] (gasper_lotric_
08.toc
LaTeX Font Info:    External font `lmex10' loaded for size
(Font)              <12> on input line 3.
LaTeX Font Info:    External font `lmex10' loaded for size
(Font)              <8> on input line 3.
LaTeX Font Info:    External font `lmex10' loaded for size
(Font)              <6> on input line 3.
)
\tf@toc=\write4
\openout4 = `gasper_lotric_08.toc'.

 [1] [2]
<grafi/analiticne-resitve.pdf, id=22, 433.62pt x 289.08pt>
File: grafi/analiticne-resitve.pdf Graphic file (type pdf)
<use grafi/analiticne-resitve.pdf>
Package pdftex.def Info: grafi/analiticne-resitve.pdf  used on input line 152.
(pdftex.def)             Requested size: 317.07614pt x 211.39275pt.

[3]
<grafi/shootingto0.pdf, id=28, 433.62pt x 289.08pt>
File: grafi/shootingto0.pdf Graphic file (type pdf)
<use grafi/shootingto0.pdf>
Package pdftex.def Info: grafi/shootingto0.pdf  used on input line 165.
(pdftex.def)             Requested size: 317.07614pt x 211.39275pt.
<grafi/iwp-halfshootr-49.0.pdf, id=29, 433.62pt x 289.08pt>
File: grafi/iwp-halfshootr-49.0.pdf Graphic file (type pdf)
<use grafi/iwp-halfshootr-49.0.pdf>
Package pdftex.def Info: grafi/iwp-halfshootr-49.0.pdf  used on input line 174.

(pdftex.def)             Requested size: 317.07614pt x 211.39275pt.
 [4 <./grafi/analiticne-resitve.pdf> <./grafi/shootingto0.pdf

pdfTeX warning: pdflatex (file ./grafi/shootingto0.pdf): PDF inclusion: multipl
e pdfs with page group included in a single page
>]
<grafi/iwp-halfshootr-198.0.pdf, id=122, 433.62pt x 289.08pt>
File: grafi/iwp-halfshootr-198.0.pdf Graphic file (type pdf)
<use grafi/iwp-halfshootr-198.0.pdf>
Package pdftex.def Info: grafi/iwp-halfshootr-198.0.pdf  used on input line 182
.
(pdftex.def)             Requested size: 317.07614pt x 211.39275pt.
<grafi/eigenval.pdf, id=123, 433.62pt x 289.08pt>
File: grafi/eigenval.pdf Graphic file (type pdf)
<use grafi/eigenval.pdf>
Package pdftex.def Info: grafi/eigenval.pdf  used on input line 194.
(pdftex.def)             Requested size: 317.07614pt x 211.39275pt.
 [5 <./grafi/iwp-halfshootr-49.0.pdf> <./grafi/iwp-halfshootr-198.0.pdf

pdfTeX warning: pdflatex (file ./grafi/iwp-halfshootr-198.0.pdf): PDF inclusion
: multiple pdfs with page group included in a single page
>]
<grafi/eigfunc-sh.pdf, id=226, 433.62pt x 289.08pt>
File: grafi/eigfunc-sh.pdf Graphic file (type pdf)
<use grafi/eigfunc-sh.pdf>
Package pdftex.def Info: grafi/eigfunc-sh.pdf  used on input line 221.
(pdftex.def)             Requested size: 204.40372pt x 136.26901pt.
<grafi/vjami-eigfunc-sh.pdf, id=227, 433.62pt x 289.08pt>
File: grafi/vjami-eigfunc-sh.pdf Graphic file (type pdf)
<use grafi/vjami-eigfunc-sh.pdf>
Package pdftex.def Info: grafi/vjami-eigfunc-sh.pdf  used on input line 227.
(pdftex.def)             Requested size: 204.40372pt x 136.26901pt.
<grafi/eigfunc-dif-1000.pdf, id=228, 433.62pt x 289.08pt>
File: grafi/eigfunc-dif-1000.pdf Graphic file (type pdf)
<use grafi/eigfunc-dif-1000.pdf>
Package pdftex.def Info: grafi/eigfunc-dif-1000.pdf  used on input line 243.
(pdftex.def)             Requested size: 204.40372pt x 136.26901pt.
<grafi/dif-err-1000.pdf, id=229, 433.62pt x 289.08pt>
File: grafi/dif-err-1000.pdf Graphic file (type pdf)
<use grafi/dif-err-1000.pdf>
Package pdftex.def Info: grafi/dif-err-1000.pdf  used on input line 249.
(pdftex.def)             Requested size: 204.40372pt x 136.26901pt.
LaTeX Font Info:    External font `lmex10' loaded for size
(Font)              <5> on input line 253.
 [6 <./grafi/eigenval.pdf> <./grafi/eigfunc-sh.pdf

pdfTeX warning: pdflatex (file ./grafi/eigfunc-sh.pdf): PDF inclusion: multiple
 pdfs with page group included in a single page
> <./grafi/vjami-eigfunc-sh.pdf

pdfTeX warning: pdflatex (file ./grafi/vjami-eigfunc-sh.pdf): PDF inclusion: mu
ltiple pdfs with page group included in a single page
>]
<grafi/napake.pdf, id=371, 433.62pt x 289.08pt>
File: grafi/napake.pdf Graphic file (type pdf)
<use grafi/napake.pdf>
Package pdftex.def Info: grafi/napake.pdf  used on input line 263.
(pdftex.def)             Requested size: 139.85207pt x 93.23529pt.
<grafi/timer.pdf, id=372, 433.62pt x 289.08pt>
File: grafi/timer.pdf Graphic file (type pdf)
<use grafi/timer.pdf>
Package pdftex.def Info: grafi/timer.pdf  used on input line 269.
(pdftex.def)             Requested size: 139.85207pt x 93.23529pt.
<grafi/natancnost-cas-log.pdf, id=373, 433.62pt x 289.08pt>
File: grafi/natancnost-cas-log.pdf Graphic file (type pdf)
<use grafi/natancnost-cas-log.pdf>
Package pdftex.def Info: grafi/natancnost-cas-log.pdf  used on input line 275.
(pdftex.def)             Requested size: 139.85207pt x 93.23529pt.
<grafi/fwp-halfshootr-V200-150.0.pdf, id=374, 433.62pt x 289.08pt>
File: grafi/fwp-halfshootr-V200-150.0.pdf Graphic file (type pdf)
<use grafi/fwp-halfshootr-V200-150.0.pdf>
Package pdftex.def Info: grafi/fwp-halfshootr-V200-150.0.pdf  used on input lin
e 300.
(pdftex.def)             Requested size: 204.40372pt x 136.26901pt.
<grafi/eigenval-f.pdf, id=375, 433.62pt x 289.08pt>
File: grafi/eigenval-f.pdf Graphic file (type pdf)
<use grafi/eigenval-f.pdf>
Package pdftex.def Info: grafi/eigenval-f.pdf  used on input line 306.
(pdftex.def)             Requested size: 204.40372pt x 136.26901pt.
 [7 <./grafi/eigfunc-dif-1000.pdf> <./grafi/dif-err-1000.pdf

pdfTeX warning: pdflatex (file ./grafi/dif-err-1000.pdf): PDF inclusion: multip
le pdfs with page group included in a single page
> <./grafi/napake.pdf

pdfTeX warning: pdflatex (file ./grafi/napake.pdf): PDF inclusion: multiple pdf
s with page group included in a single page
> <./grafi/timer.pdf

pdfTeX warning: pdflatex (file ./grafi/timer.pdf): PDF inclusion: multiple pdfs
 with page group included in a single page
> <./grafi/natancnost-cas-log.pdf

pdfTeX warning: pdflatex (file ./grafi/natancnost-cas-log.pdf): PDF inclusion: 
multiple pdfs with page group included in a single page
>]
<grafi/eigfunc-fin-V200.pdf, id=600, 433.62pt x 289.08pt>
File: grafi/eigfunc-fin-V200.pdf Graphic file (type pdf)
<use grafi/eigfunc-fin-V200.pdf>
Package pdftex.def Info: grafi/eigfunc-fin-V200.pdf  used on input line 318.
(pdftex.def)             Requested size: 317.07614pt x 211.39275pt.
<grafi/vjami-eigfunc-fin-V50.pdf, id=601, 433.62pt x 289.08pt>
File: grafi/vjami-eigfunc-fin-V50.pdf Graphic file (type pdf)
<use grafi/vjami-eigfunc-fin-V50.pdf>
Package pdftex.def Info: grafi/vjami-eigfunc-fin-V50.pdf  used on input line 33
1.
(pdftex.def)             Requested size: 204.40372pt x 136.26901pt.
<grafi/vjami-eigfunc-fin-V100.pdf, id=602, 433.62pt x 289.08pt>
File: grafi/vjami-eigfunc-fin-V100.pdf Graphic file (type pdf)
<use grafi/vjami-eigfunc-fin-V100.pdf>
Package pdftex.def Info: grafi/vjami-eigfunc-fin-V100.pdf  used on input line 3
37.
(pdftex.def)             Requested size: 204.40372pt x 136.26901pt.
<grafi/vjami-eigfunc-fin-V150.pdf, id=603, 433.62pt x 289.08pt>
File: grafi/vjami-eigfunc-fin-V150.pdf Graphic file (type pdf)
<use grafi/vjami-eigfunc-fin-V150.pdf>
Package pdftex.def Info: grafi/vjami-eigfunc-fin-V150.pdf  used on input line 3
43.
(pdftex.def)             Requested size: 204.40372pt x 136.26901pt.
<grafi/vjami-eigfunc-fin-V200.pdf, id=604, 433.62pt x 289.08pt>
File: grafi/vjami-eigfunc-fin-V200.pdf Graphic file (type pdf)
<use grafi/vjami-eigfunc-fin-V200.pdf>
Package pdftex.def Info: grafi/vjami-eigfunc-fin-V200.pdf  used on input line 3
49.
(pdftex.def)             Requested size: 204.40372pt x 136.26901pt.
 [8 <./grafi/fwp-halfshootr-V200-150.0.pdf> <./grafi/eigenval-f.pdf

pdfTeX warning: pdflatex (file ./grafi/eigenval-f.pdf): PDF inclusion: multiple
 pdfs with page group included in a single page
> <./grafi/eigfunc-fin-V200.pdf

pdfTeX warning: pdflatex (file ./grafi/eigfunc-fin-V200.pdf): PDF inclusion: mu
ltiple pdfs with page group included in a single page
>]
<grafi/dodatna-4.pdf, id=751, 433.62pt x 289.08pt>
File: grafi/dodatna-4.pdf Graphic file (type pdf)
<use grafi/dodatna-4.pdf>
Package pdftex.def Info: grafi/dodatna-4.pdf  used on input line 362.
(pdftex.def)             Requested size: 317.07614pt x 211.39275pt.
 [9 <./grafi/vjami-eigfunc-fin-V50.pdf> <./grafi/vjami-eigfunc-fin-V100.pdf

pdfTeX warning: pdflatex (file ./grafi/vjami-eigfunc-fin-V100.pdf): PDF inclusi
on: multiple pdfs with page group included in a single page
> <./grafi/vjami-eigfunc-fin-V150.pdf

pdfTeX warning: pdflatex (file ./grafi/vjami-eigfunc-fin-V150.pdf): PDF inclusi
on: multiple pdfs with page group included in a single page
> <./grafi/vjami-eigfunc-fin-V200.pdf

pdfTeX warning: pdflatex (file ./grafi/vjami-eigfunc-fin-V200.pdf): PDF inclusi
on: multiple pdfs with page group included in a single page
> <./grafi/dodatna-4.pdf

pdfTeX warning: pdflatex (file ./grafi/dodatna-4.pdf): PDF inclusion: multiple 
pdfs with page group included in a single page
>] [10] (gasper_lotric_08.aux) ) 
Here is how much of TeX's memory you used:
 5880 strings out of 480790
 88981 string characters out of 2907054
 339408 words of memory out of 3000000
 21765 multiletter control sequences out of 15000+200000
 594927 words of font info for 79 fonts, out of 3000000 for 9000
 1141 hyphenation exceptions out of 8191
 39i,9n,43p,687b,474s stack positions out of 5000i,500n,10000p,200000b,50000s
{C:/Program Files/MiKTeX/fonts/enc/dvips/lm/lm-
rm.enc}{C:/Program Files/MiKTeX/fonts/enc/dvips/lm/lm-mathit.enc}{C:/Program Fi
les/MiKTeX/fonts/enc/dvips/lm/lm-ec.enc}{C:/Program Files/MiKTeX/fonts/enc/dvip
s/lm/lm-mathex.enc}{C:/Program Files/MiKTeX/fonts/enc/dvips/lm/lm-mathsy.enc}<C
:/Program Files/MiKTeX/fonts/type1/public/lm/lmbx12.pfb><C:/Program Files/MiKTe
X/fonts/type1/public/lm/lmcsc10.pfb><C:/Program Files/MiKTeX/fonts/type1/public
/lm/lmex10.pfb><C:/Program Files/MiKTeX/fonts/type1/public/lm/lmmi10.pfb><C:/Pr
ogram Files/MiKTeX/fonts/type1/public/lm/lmmi12.pfb><C:/Program Files/MiKTeX/fo
nts/type1/public/lm/lmmi8.pfb><C:/Program Files/MiKTeX/fonts/type1/public/lm/lm
r10.pfb><C:/Program Files/MiKTeX/fonts/type1/public/lm/lmr12.pfb><C:/Program Fi
les/MiKTeX/fonts/type1/public/lm/lmr6.pfb><C:/Program Files/MiKTeX/fonts/type1/
public/lm/lmr7.pfb><C:/Program Files/MiKTeX/fonts/type1/public/lm/lmr8.pfb><C:/
Program Files/MiKTeX/fonts/type1/public/lm/lmro12.pfb><C:/Program Files/MiKTeX/
fonts/type1/public/lm/lmsy10.pfb><C:/Program Files/MiKTeX/fonts/type1/public/lm
/lmsy8.pfb><C:/Program Files/MiKTeX/fonts/type1/public/amsfonts/symbols/msbm10.
pfb>
Output written on gasper_lotric_08.pdf (11 pages, 1180329 bytes).
PDF statistics:
 1032 PDF objects out of 1200 (max. 8388607)
 0 named destinations out of 1000 (max. 500000)
 101 words of extra memory for PDF output out of 10000 (max. 10000000)

